Arguments: 
  C:\Program Files\nodejs\node.exe C:\Users\isha8\AppData\Roaming\npm\node_modules\yarn\bin\yarn.js add @codemirror/basic-setup @codemirror/view @codemirror/basic-modes @codemirror/gutter

PATH: 
  C:\Program Files\Common Files\Oracle\Java\javapath;C:\Windows\system32;C:\Windows;C:\Windows\System32\Wbem;C:\Windows\System32\WindowsPowerShell\v1.0\;C:\Windows\System32\OpenSSH\;C:\Program Files\nodejs\;C:\ProgramData\chocolatey\bin;C:\Users\isha8\AppData\Local\Microsoft\WindowsApps;C:\Users\isha8\AppData\Local\Programs\Microsoft VS Code\bin;C:\Users\isha8\AppData\Roaming\npm

Yarn version: 
  1.22.19

Node version: 
  18.16.0

Platform: 
  win32 x64

Trace: 
  Error: https://registry.yarnpkg.com/@codemirror%2fbasic-modes: Not found
      at params.callback [as _callback] (C:\Users\isha8\AppData\Roaming\npm\node_modules\yarn\lib\cli.js:66145:18)
      at self.callback (C:\Users\isha8\AppData\Roaming\npm\node_modules\yarn\lib\cli.js:140890:22)
      at Request.emit (node:events:513:28)
      at Request.<anonymous> (C:\Users\isha8\AppData\Roaming\npm\node_modules\yarn\lib\cli.js:141862:10)
      at Request.emit (node:events:513:28)
      at IncomingMessage.<anonymous> (C:\Users\isha8\AppData\Roaming\npm\node_modules\yarn\lib\cli.js:141784:12)
      at Object.onceWrapper (node:events:627:28)
      at IncomingMessage.emit (node:events:525:35)
      at endReadableNT (node:internal/streams/readable:1359:12)
      at process.processTicksAndRejections (node:internal/process/task_queues:82:21)

npm manifest: 
  {
    "dependencies": {
      "@codemirror/basic-setup": "^0.20.0",
      "code": "^5.2.4",
      "codemirror": "^6.0.1",
      "mirror": "^0.3.3"
    }
  }

yarn manifest: 
  No manifest

Lockfile: 
  # THIS IS AN AUTOGENERATED FILE. DO NOT EDIT THIS FILE DIRECTLY.
  # yarn lockfile v1
  
  
  "@codemirror/autocomplete@^0.20.0":
    version "0.20.3"
    resolved "https://registry.yarnpkg.com/@codemirror/autocomplete/-/autocomplete-0.20.3.tgz#affe2d7e2b2e0be42ee1ac5fb74a1c84a6f1bfd7"
    integrity sha512-lYB+NPGP+LEzAudkWhLfMxhTrxtLILGl938w+RcFrGdrIc54A+UgmCoz+McE3IYRFp4xyQcL4uFJwo+93YdgHw==
    dependencies:
      "@codemirror/language" "^0.20.0"
      "@codemirror/state" "^0.20.0"
      "@codemirror/view" "^0.20.0"
      "@lezer/common" "^0.16.0"
  
  "@codemirror/autocomplete@^6.0.0":
    version "6.7.1"
    resolved "https://registry.yarnpkg.com/@codemirror/autocomplete/-/autocomplete-6.7.1.tgz#3364799b78dff70fb8f81615536c52ea53ce40b2"
    integrity sha512-hSxf9S0uB+GV+gBsjY1FZNo53e1FFdzPceRfCfD1gWOnV6o21GfB5J5Wg9G/4h76XZMPrF0A6OCK/Rz5+V1egg==
    dependencies:
      "@codemirror/language" "^6.0.0"
      "@codemirror/state" "^6.0.0"
      "@codemirror/view" "^6.6.0"
      "@lezer/common" "^1.0.0"
  
  "@codemirror/basic-setup@^0.20.0":
    version "0.20.0"
    resolved "https://registry.yarnpkg.com/@codemirror/basic-setup/-/basic-setup-0.20.0.tgz#ed331e0b2d29efc0a09317de9e10467b992b0c7b"
    integrity sha512-W/ERKMLErWkrVLyP5I8Yh8PXl4r+WFNkdYVSzkXYPQv2RMPSkWpr2BgggiSJ8AHF/q3GuApncDD8I4BZz65fyg==
    dependencies:
      "@codemirror/autocomplete" "^0.20.0"
      "@codemirror/commands" "^0.20.0"
      "@codemirror/language" "^0.20.0"
      "@codemirror/lint" "^0.20.0"
      "@codemirror/search" "^0.20.0"
      "@codemirror/state" "^0.20.0"
      "@codemirror/view" "^0.20.0"
  
  "@codemirror/commands@^0.20.0":
    version "0.20.0"
    resolved "https://registry.yarnpkg.com/@codemirror/commands/-/commands-0.20.0.tgz#51405d442e6b8687b63e8fa27effc28179917c88"
    integrity sha512-v9L5NNVA+A9R6zaFvaTbxs30kc69F6BkOoiEbeFw4m4I0exmDEKBILN6mK+GksJtvTzGBxvhAPlVFTdQW8GB7Q==
    dependencies:
      "@codemirror/language" "^0.20.0"
      "@codemirror/state" "^0.20.0"
      "@codemirror/view" "^0.20.0"
      "@lezer/common" "^0.16.0"
  
  "@codemirror/commands@^6.0.0":
    version "6.2.4"
    resolved "https://registry.yarnpkg.com/@codemirror/commands/-/commands-6.2.4.tgz#b8a0e5ce72448c092ba4c4b1d902e6f183948aec"
    integrity sha512-42lmDqVH0ttfilLShReLXsDfASKLXzfyC36bzwcqzox9PlHulMcsUOfHXNo2X2aFMVNUoQ7j+d4q5bnfseYoOA==
    dependencies:
      "@codemirror/language" "^6.0.0"
      "@codemirror/state" "^6.2.0"
      "@codemirror/view" "^6.0.0"
      "@lezer/common" "^1.0.0"
  
  "@codemirror/language@^0.20.0":
    version "0.20.2"
    resolved "https://registry.yarnpkg.com/@codemirror/language/-/language-0.20.2.tgz#31c3712eac2251810986272dcd6a50510e0c1529"
    integrity sha512-WB3Bnuusw0xhVvhBocieYKwJm04SOk5bPoOEYksVHKHcGHFOaYaw+eZVxR4gIqMMcGzOIUil0FsCmFk8yrhHpw==
    dependencies:
      "@codemirror/state" "^0.20.0"
      "@codemirror/view" "^0.20.0"
      "@lezer/common" "^0.16.0"
      "@lezer/highlight" "^0.16.0"
      "@lezer/lr" "^0.16.0"
      style-mod "^4.0.0"
  
  "@codemirror/language@^6.0.0":
    version "6.7.0"
    resolved "https://registry.yarnpkg.com/@codemirror/language/-/language-6.7.0.tgz#9f1c8923e3234376a40f3392e4a0451e9b4adb8f"
    integrity sha512-4SMwe6Fwn57klCUsVN0y4/h/iWT+XIXFEmop2lIHHuWO0ubjCrF3suqSZLyOQlznxkNnNbOOfKe5HQbQGCAmTg==
    dependencies:
      "@codemirror/state" "^6.0.0"
      "@codemirror/view" "^6.0.0"
      "@lezer/common" "^1.0.0"
      "@lezer/highlight" "^1.0.0"
      "@lezer/lr" "^1.0.0"
      style-mod "^4.0.0"
  
  "@codemirror/lint@^0.20.0":
    version "0.20.3"
    resolved "https://registry.yarnpkg.com/@codemirror/lint/-/lint-0.20.3.tgz#34c0fd45c5acd522637f68602e3a416162e03a15"
    integrity sha512-06xUScbbspZ8mKoODQCEx6hz1bjaq9m8W8DxdycWARMiiX1wMtfCh/MoHpaL7ws/KUMwlsFFfp2qhm32oaCvVA==
    dependencies:
      "@codemirror/state" "^0.20.0"
      "@codemirror/view" "^0.20.2"
      crelt "^1.0.5"
  
  "@codemirror/lint@^6.0.0":
    version "6.2.2"
    resolved "https://registry.yarnpkg.com/@codemirror/lint/-/lint-6.2.2.tgz#a3b9817836d2a42af5c181104e252d9054a03a3f"
    integrity sha512-kHGuynBHjqinp1Bx25D2hgH8a6Fh1m9rSmZFzBVTqPIXDIcZ6j3VI67DY8USGYpGrjrJys9R52eLxtfERGNozg==
    dependencies:
      "@codemirror/state" "^6.0.0"
      "@codemirror/view" "^6.0.0"
      crelt "^1.0.5"
  
  "@codemirror/search@^0.20.0":
    version "0.20.1"
    resolved "https://registry.yarnpkg.com/@codemirror/search/-/search-0.20.1.tgz#9eba0514218a673e29501a889a4fcb7da7ce24ad"
    integrity sha512-ROe6gRboQU5E4z6GAkNa2kxhXqsGNbeLEisbvzbOeB7nuDYXUZ70vGIgmqPu0tB+1M3F9yWk6W8k2vrFpJaD4Q==
    dependencies:
      "@codemirror/state" "^0.20.0"
      "@codemirror/view" "^0.20.0"
      crelt "^1.0.5"
  
  "@codemirror/search@^6.0.0":
    version "6.5.0"
    resolved "https://registry.yarnpkg.com/@codemirror/search/-/search-6.5.0.tgz#308f9968434e0e6ed59c9ec36a0239eb1dfc5d92"
    integrity sha512-64/M40YeJPToKvGO6p3fijo2vwUEj4nACEAXElCaYQ50HrXSvRaK+NHEhSh73WFBGdvIdhrV+lL9PdJy2RfCYA==
    dependencies:
      "@codemirror/state" "^6.0.0"
      "@codemirror/view" "^6.0.0"
      crelt "^1.0.5"
  
  "@codemirror/state@^0.20.0":
    version "0.20.1"
    resolved "https://registry.yarnpkg.com/@codemirror/state/-/state-0.20.1.tgz#de5c6dc0de3e216eaa3a9ee9391c926b766f6b46"
    integrity sha512-ms0tlV5A02OK0pFvTtSUGMLkoarzh1F8mr6jy1cD7ucSC2X/VLHtQCxfhdSEGqTYlQF2hoZtmLv+amqhdgbwjQ==
  
  "@codemirror/state@^6.0.0", "@codemirror/state@^6.1.4", "@codemirror/state@^6.2.0":
    version "6.2.1"
    resolved "https://registry.yarnpkg.com/@codemirror/state/-/state-6.2.1.tgz#6dc8d8e5abb26b875e3164191872d69a5e85bd73"
    integrity sha512-RupHSZ8+OjNT38zU9fKH2sv+Dnlr8Eb8sl4NOnnqz95mCFTZUaiRP8Xv5MeeaG0px2b8Bnfe7YGwCV3nsBhbuw==
  
  "@codemirror/view@^0.20.0", "@codemirror/view@^0.20.2":
    version "0.20.7"
    resolved "https://registry.yarnpkg.com/@codemirror/view/-/view-0.20.7.tgz#1d0acc740f71f92abef4b437c030d4e6c39ab6dc"
    integrity sha512-pqEPCb9QFTOtHgAH5XU/oVy9UR/Anj6r+tG5CRmkNVcqSKEPmBU05WtN/jxJCFZBXf6HumzWC9ydE4qstO3TxQ==
    dependencies:
      "@codemirror/state" "^0.20.0"
      style-mod "^4.0.0"
      w3c-keyname "^2.2.4"
  
  "@codemirror/view@^6.0.0", "@codemirror/view@^6.6.0":
    version "6.13.0"
    resolved "https://registry.yarnpkg.com/@codemirror/view/-/view-6.13.0.tgz#a86c3c5e588a7e2fc0e8043c8ae9fdcc608f5eb7"
    integrity sha512-oXTfJzHJ5Tl7f6T8ZO0HKf981zubxgKohjddLobbntbNZHlOZGMRL+pPZGtclDWFaFJWtGBYRGyNdjQ6Xsx5yA==
    dependencies:
      "@codemirror/state" "^6.1.4"
      style-mod "^4.0.0"
      w3c-keyname "^2.2.4"
  
  "@lezer/common@^0.16.0":
    version "0.16.1"
    resolved "https://registry.yarnpkg.com/@lezer/common/-/common-0.16.1.tgz#3b98b42fdb11454b89e8a340da10bee1b0f94071"
    integrity sha512-qPmG7YTZ6lATyTOAWf8vXE+iRrt1NJd4cm2nJHK+v7X9TsOF6+HtuU/ctaZy2RCrluxDb89hI6KWQ5LfQGQWuA==
  
  "@lezer/common@^1.0.0":
    version "1.0.3"
    resolved "https://registry.yarnpkg.com/@lezer/common/-/common-1.0.3.tgz#1808f70e2b0a7b1fdcbaf5c074723d2d4ed1e4c5"
    integrity sha512-JH4wAXCgUOcCGNekQPLhVeUtIqjH0yPBs7vvUdSjyQama9618IOKFJwkv2kcqdhF0my8hQEgCTEJU0GIgnahvA==
  
  "@lezer/highlight@^0.16.0":
    version "0.16.0"
    resolved "https://registry.yarnpkg.com/@lezer/highlight/-/highlight-0.16.0.tgz#95f7b7ee3c32c8a0f6ce499c085e8b1f927ffbdc"
    integrity sha512-iE5f4flHlJ1g1clOStvXNLbORJoiW4Kytso6ubfYzHnaNo/eo5SKhxs4wv/rtvwZQeZrK3we8S9SyA7OGOoRKQ==
    dependencies:
      "@lezer/common" "^0.16.0"
  
  "@lezer/highlight@^1.0.0":
    version "1.1.6"
    resolved "https://registry.yarnpkg.com/@lezer/highlight/-/highlight-1.1.6.tgz#87e56468c0f43c2a8b3dc7f0b7c2804b34901556"
    integrity sha512-cmSJYa2us+r3SePpRCjN5ymCqCPv+zyXmDl0ciWtVaNiORT/MxM7ZgOMQZADD0o51qOaOg24qc/zBViOIwAjJg==
    dependencies:
      "@lezer/common" "^1.0.0"
  
  "@lezer/lr@^0.16.0":
    version "0.16.3"
    resolved "https://registry.yarnpkg.com/@lezer/lr/-/lr-0.16.3.tgz#1e4cc581d2725c498e6a731fc83c379114ba3a70"
    integrity sha512-pau7um4eAw94BEuuShUIeQDTf3k4Wt6oIUOYxMmkZgDHdqtIcxWND4LRxi8nI9KuT4I1bXQv67BCapkxt7Ywqw==
    dependencies:
      "@lezer/common" "^0.16.0"
  
  "@lezer/lr@^1.0.0":
    version "1.3.6"
    resolved "https://registry.yarnpkg.com/@lezer/lr/-/lr-1.3.6.tgz#253d3c8b520b6b79d2948657261ced07f27cf64d"
    integrity sha512-IDhcWjfxwWACnatUi0GzWBCbochfqxo3LZZlS27LbJh8RVYYXXyR5Ck9659IhkWkhSW/kZlaaiJpUO+YZTUK+Q==
    dependencies:
      "@lezer/common" "^1.0.0"
  
  code@^5.2.4:
    version "5.2.4"
    resolved "https://registry.yarnpkg.com/code/-/code-5.2.4.tgz#b1bb981e96acf8099ff847605b42d04db05caffa"
    integrity sha512-PkH2B69kE/ETlWJCFrMHbBXzmReeSHMdky5nAfX01cnloOxfYEQ6mGlowBpeyJUZr8kNBjvHd88NkGqYZltbTw==
    dependencies:
      hoek "6.x.x"
  
  codemirror@^6.0.1:
    version "6.0.1"
    resolved "https://registry.yarnpkg.com/codemirror/-/codemirror-6.0.1.tgz#62b91142d45904547ee3e0e0e4c1a79158035a29"
    integrity sha512-J8j+nZ+CdWmIeFIGXEFbFPtpiYacFMDR8GlHK3IyHQJMCaVRfGx9NT+Hxivv1ckLWPvNdZqndbr/7lVhrf/Svg==
    dependencies:
      "@codemirror/autocomplete" "^6.0.0"
      "@codemirror/commands" "^6.0.0"
      "@codemirror/language" "^6.0.0"
      "@codemirror/lint" "^6.0.0"
      "@codemirror/search" "^6.0.0"
      "@codemirror/state" "^6.0.0"
      "@codemirror/view" "^6.0.0"
  
  crelt@^1.0.5:
    version "1.0.6"
    resolved "https://registry.yarnpkg.com/crelt/-/crelt-1.0.6.tgz#7cc898ea74e190fb6ef9dae57f8f81cf7302df72"
    integrity sha512-VQ2MBenTq1fWZUH9DJNGti7kKv6EeAuYr3cLwxUWhIu1baTaXh4Ib5W2CqHVqib4/MqbYGJqiL3Zb8GJZr3l4g==
  
  hoek@6.x.x:
    version "6.1.3"
    resolved "https://registry.yarnpkg.com/hoek/-/hoek-6.1.3.tgz#73b7d33952e01fe27a38b0457294b79dd8da242c"
    integrity sha512-YXXAAhmF9zpQbC7LEcREFtXfGq5K1fmd+4PHkBq8NUqmzW3G+Dq10bI/i0KucLRwss3YYFQ0fSfoxBZYiGUqtQ==
  
  mirror@^0.3.3:
    version "0.3.3"
    resolved "https://registry.yarnpkg.com/mirror/-/mirror-0.3.3.tgz#7e4957407b29f3247d947fc39837ef69b975ebce"
    integrity sha512-zPJ8c8NvsJg0mOM0pN0VXqZoPJJukjldZAr0sEsQK7SHhareq5XYMSkCswJOp2dsihe6WBeiSloThIV8QLUXrw==
    dependencies:
      uglify-js "1.0.2"
  
  style-mod@^4.0.0:
    version "4.0.3"
    resolved "https://registry.yarnpkg.com/style-mod/-/style-mod-4.0.3.tgz#136c4abc905f82a866a18b39df4dc08ec762b1ad"
    integrity sha512-78Jv8kYJdjbvRwwijtCevYADfsI0lGzYJe4mMFdceO8l75DFFDoqBhR1jVDicDRRaX4//g1u9wKeo+ztc2h1Rw==
  
  uglify-js@1.0.2:
    version "1.0.2"
    resolved "https://registry.yarnpkg.com/uglify-js/-/uglify-js-1.0.2.tgz#28494cc77c26042d4065d73736391d78417d680a"
    integrity sha512-d9HD5J1mSJzpi7TUOZQEegjVvPhpyn5gwUIhtiaux9aVHoSHRB/v1/mypn5mdzoSQEqxMUzs8BlTPlaj0kQRTQ==
  
  w3c-keyname@^2.2.4:
    version "2.2.8"
    resolved "https://registry.yarnpkg.com/w3c-keyname/-/w3c-keyname-2.2.8.tgz#7b17c8c6883d4e8b86ac8aba79d39e880f8869c5"
    integrity sha512-dpojBhNsCNN7T82Tm7k26A6G9ML3NkhDsnw9n/eoxSRlVBB4CEtIQ/KTCLI2Fwf3ataSXRhYFkQi3SlnFwPvPQ==
